<?xml version="1.0" encoding="UTF-8"?>
<testng-results skipped="0" failed="0" ignored="0" total="1" passed="1">
  <reporter-output>
  </reporter-output>
  <suite name="Default suite" duration-ms="995" started-at="2021-06-16T10:38:02 IST" finished-at="2021-06-16T10:38:03 IST">
    <groups>
    </groups>
    <test name="Default test" duration-ms="995" started-at="2021-06-16T10:38:02 IST" finished-at="2021-06-16T10:38:03 IST">
      <class name="CreateExcelFileExample3">
        <test-method status="PASS" signature="Write()[pri:0, instance:CreateExcelFileExample3@7a3d45bd]" name="Write" duration-ms="964" started-at="2021-06-16T10:38:02 IST" finished-at="2021-06-16T10:38:03 IST">
          <reporter-output>
          </reporter-output>
        </test-method> <!-- Write -->
      </class> <!-- CreateExcelFileExample3 -->
    </test> <!-- Default test -->
  </suite> <!-- Default suite -->
</testng-results>
